2011-11-20 23:33:01,333 [main] ERROR (ParameterTest.java:233) - 
java.lang.NullPointerException
	at mobile.entity.manager.JPManager.manageHistory(JPManager.java:667)
	at mobile.entity.manager.JPManager.update(JPManager.java:680)
	at mobile.core.processor.MaintenanceProcessor.updateEntity(MaintenanceProcessor.java:60)
	at mobile.core.processor.MaintenanceProcessor.persistOrUpdateOrDelete(MaintenanceProcessor.java:40)
	at mobile.core.processor.MaintenanceProcessor.process(MaintenanceProcessor.java:22)
	at mobile.bus.parameter.ParameterTest.processMaintenance(ParameterTest.java:231)
	at mobile.bus.parameter.ParameterTest.process(ParameterTest.java:59)
	at mobile.core.processor.CoreProcessor.executeProcesses(CoreProcessor.java:122)
	at mobile.core.processor.CoreProcessor.process(CoreProcessor.java:55)
	at mobile.core.processor.ProcessorTest.testMaintenance1(ProcessorTest.java:118)
	at sun.reflect.NativeMethodAccessorImpl.invoke0(Native Method)
	at sun.reflect.NativeMethodAccessorImpl.invoke(NativeMethodAccessorImpl.java:39)
	at sun.reflect.DelegatingMethodAccessorImpl.invoke(DelegatingMethodAccessorImpl.java:25)
	at java.lang.reflect.Method.invoke(Method.java:597)
	at org.junit.runners.model.FrameworkMethod$1.runReflectiveCall(FrameworkMethod.java:44)
	at org.junit.internal.runners.model.ReflectiveCallable.run(ReflectiveCallable.java:15)
	at org.junit.runners.model.FrameworkMethod.invokeExplosively(FrameworkMethod.java:41)
	at org.junit.internal.runners.statements.InvokeMethod.evaluate(InvokeMethod.java:20)
	at org.junit.internal.runners.statements.RunBefores.evaluate(RunBefores.java:28)
	at org.junit.internal.runners.statements.RunAfters.evaluate(RunAfters.java:31)
	at org.junit.runners.BlockJUnit4ClassRunner.runNotIgnored(BlockJUnit4ClassRunner.java:79)
	at org.junit.runners.BlockJUnit4ClassRunner.runChild(BlockJUnit4ClassRunner.java:71)
	at org.junit.runners.BlockJUnit4ClassRunner.runChild(BlockJUnit4ClassRunner.java:49)
	at org.junit.runners.ParentRunner$3.run(ParentRunner.java:193)
	at org.junit.runners.ParentRunner$1.schedule(ParentRunner.java:52)
	at org.junit.runners.ParentRunner.runChildren(ParentRunner.java:191)
	at org.junit.runners.ParentRunner.access$000(ParentRunner.java:42)
	at org.junit.runners.ParentRunner$2.evaluate(ParentRunner.java:184)
	at org.junit.runners.ParentRunner.run(ParentRunner.java:236)
	at org.eclipse.jdt.internal.junit4.runner.JUnit4TestReference.run(JUnit4TestReference.java:50)
	at org.eclipse.jdt.internal.junit.runner.TestExecution.run(TestExecution.java:38)
	at org.eclipse.jdt.internal.junit.runner.RemoteTestRunner.runTests(RemoteTestRunner.java:467)
	at org.eclipse.jdt.internal.junit.runner.RemoteTestRunner.runTests(RemoteTestRunner.java:683)
	at org.eclipse.jdt.internal.junit.runner.RemoteTestRunner.run(RemoteTestRunner.java:390)
	at org.eclipse.jdt.internal.junit.runner.RemoteTestRunner.main(RemoteTestRunner.java:197)
2011-11-21 00:01:00,931 [main] ERROR (ParameterTest.java:26) - 
java.lang.NullPointerException
	at mobile.entity.manager.JPManager.toTableName(JPManager.java:614)
	at mobile.entity.manager.JPManager.getEntityTable(JPManager.java:470)
	at mobile.core.processor.QueryProcessor.processQuery(QueryProcessor.java:112)
	at mobile.core.processor.QueryProcessor.process(QueryProcessor.java:48)
	at mobile.bus.parameter.ParameterTest.processQuery(ParameterTest.java:24)
	at mobile.bus.parameter.ParameterTest.process(ParameterTest.java:15)
	at mobile.core.processor.CoreProcessor.executeProcesses(CoreProcessor.java:120)
	at mobile.core.processor.CoreProcessor.process(CoreProcessor.java:53)
	at mobile.core.processor.ProcessorTest.testQuery1(ProcessorTest.java:82)
	at sun.reflect.NativeMethodAccessorImpl.invoke0(Native Method)
	at sun.reflect.NativeMethodAccessorImpl.invoke(NativeMethodAccessorImpl.java:39)
	at sun.reflect.DelegatingMethodAccessorImpl.invoke(DelegatingMethodAccessorImpl.java:25)
	at java.lang.reflect.Method.invoke(Method.java:597)
	at org.junit.runners.model.FrameworkMethod$1.runReflectiveCall(FrameworkMethod.java:44)
	at org.junit.internal.runners.model.ReflectiveCallable.run(ReflectiveCallable.java:15)
	at org.junit.runners.model.FrameworkMethod.invokeExplosively(FrameworkMethod.java:41)
	at org.junit.internal.runners.statements.InvokeMethod.evaluate(InvokeMethod.java:20)
	at org.junit.internal.runners.statements.RunBefores.evaluate(RunBefores.java:28)
	at org.junit.internal.runners.statements.RunAfters.evaluate(RunAfters.java:31)
	at org.junit.runners.BlockJUnit4ClassRunner.runNotIgnored(BlockJUnit4ClassRunner.java:79)
	at org.junit.runners.BlockJUnit4ClassRunner.runChild(BlockJUnit4ClassRunner.java:71)
	at org.junit.runners.BlockJUnit4ClassRunner.runChild(BlockJUnit4ClassRunner.java:49)
	at org.junit.runners.ParentRunner$3.run(ParentRunner.java:193)
	at org.junit.runners.ParentRunner$1.schedule(ParentRunner.java:52)
	at org.junit.runners.ParentRunner.runChildren(ParentRunner.java:191)
	at org.junit.runners.ParentRunner.access$000(ParentRunner.java:42)
	at org.junit.runners.ParentRunner$2.evaluate(ParentRunner.java:184)
	at org.junit.runners.ParentRunner.run(ParentRunner.java:236)
	at org.eclipse.jdt.internal.junit4.runner.JUnit4TestReference.run(JUnit4TestReference.java:50)
	at org.eclipse.jdt.internal.junit.runner.TestExecution.run(TestExecution.java:38)
	at org.eclipse.jdt.internal.junit.runner.RemoteTestRunner.runTests(RemoteTestRunner.java:467)
	at org.eclipse.jdt.internal.junit.runner.RemoteTestRunner.runTests(RemoteTestRunner.java:683)
	at org.eclipse.jdt.internal.junit.runner.RemoteTestRunner.run(RemoteTestRunner.java:390)
	at org.eclipse.jdt.internal.junit.runner.RemoteTestRunner.main(RemoteTestRunner.java:197)
2011-11-21 00:03:59,258 [main] ERROR (ParameterTest.java:26) - An exception occurred while creating a query in EntityManager: 
Exception Description: Syntax error parsing the query [Select e.pk.parameterId:subsystemId:dataTypeId:parameterValue:description from Parameter e where e.pk.parameterId like ?1 and e.pk.expired = ?2 and e.pk.companyId = ?3], line 1, column 23: unexpected token [:subsystemId].
Internal Exception: NoViableAltException(105@[()* loopback of 383:9: (d= DOT right= attribute )*])
java.lang.IllegalArgumentException: An exception occurred while creating a query in EntityManager: 
Exception Description: Syntax error parsing the query [Select e.pk.parameterId:subsystemId:dataTypeId:parameterValue:description from Parameter e where e.pk.parameterId like ?1 and e.pk.expired = ?2 and e.pk.companyId = ?3], line 1, column 23: unexpected token [:subsystemId].
Internal Exception: NoViableAltException(105@[()* loopback of 383:9: (d= DOT right= attribute )*])
	at org.eclipse.persistence.internal.jpa.EntityManagerImpl.createQuery(EntityManagerImpl.java:1477)
	at mobile.core.processor.QueryProcessor.processQuery(QueryProcessor.java:153)
	at mobile.core.processor.QueryProcessor.process(QueryProcessor.java:46)
	at mobile.bus.parameter.ParameterTest.processQuery(ParameterTest.java:24)
	at mobile.bus.parameter.ParameterTest.process(ParameterTest.java:15)
	at mobile.core.processor.CoreProcessor.executeProcesses(CoreProcessor.java:120)
	at mobile.core.processor.CoreProcessor.process(CoreProcessor.java:53)
	at mobile.core.processor.ProcessorTest.testQuery1(ProcessorTest.java:82)
	at sun.reflect.NativeMethodAccessorImpl.invoke0(Native Method)
	at sun.reflect.NativeMethodAccessorImpl.invoke(NativeMethodAccessorImpl.java:39)
	at sun.reflect.DelegatingMethodAccessorImpl.invoke(DelegatingMethodAccessorImpl.java:25)
	at java.lang.reflect.Method.invoke(Method.java:597)
	at org.junit.runners.model.FrameworkMethod$1.runReflectiveCall(FrameworkMethod.java:44)
	at org.junit.internal.runners.model.ReflectiveCallable.run(ReflectiveCallable.java:15)
	at org.junit.runners.model.FrameworkMethod.invokeExplosively(FrameworkMethod.java:41)
	at org.junit.internal.runners.statements.InvokeMethod.evaluate(InvokeMethod.java:20)
	at org.junit.internal.runners.statements.RunBefores.evaluate(RunBefores.java:28)
	at org.junit.internal.runners.statements.RunAfters.evaluate(RunAfters.java:31)
	at org.junit.runners.BlockJUnit4ClassRunner.runNotIgnored(BlockJUnit4ClassRunner.java:79)
	at org.junit.runners.BlockJUnit4ClassRunner.runChild(BlockJUnit4ClassRunner.java:71)
	at org.junit.runners.BlockJUnit4ClassRunner.runChild(BlockJUnit4ClassRunner.java:49)
	at org.junit.runners.ParentRunner$3.run(ParentRunner.java:193)
	at org.junit.runners.ParentRunner$1.schedule(ParentRunner.java:52)
	at org.junit.runners.ParentRunner.runChildren(ParentRunner.java:191)
	at org.junit.runners.ParentRunner.access$000(ParentRunner.java:42)
	at org.junit.runners.ParentRunner$2.evaluate(ParentRunner.java:184)
	at org.junit.runners.ParentRunner.run(ParentRunner.java:236)
	at org.eclipse.jdt.internal.junit4.runner.JUnit4TestReference.run(JUnit4TestReference.java:50)
	at org.eclipse.jdt.internal.junit.runner.TestExecution.run(TestExecution.java:38)
	at org.eclipse.jdt.internal.junit.runner.RemoteTestRunner.runTests(RemoteTestRunner.java:467)
	at org.eclipse.jdt.internal.junit.runner.RemoteTestRunner.runTests(RemoteTestRunner.java:683)
	at org.eclipse.jdt.internal.junit.runner.RemoteTestRunner.run(RemoteTestRunner.java:390)
	at org.eclipse.jdt.internal.junit.runner.RemoteTestRunner.main(RemoteTestRunner.java:197)
Caused by: Exception [EclipseLink-8025] (Eclipse Persistence Services - 2.3.0.v20110604-r9504): org.eclipse.persistence.exceptions.JPQLException
Exception Description: Syntax error parsing the query [Select e.pk.parameterId:subsystemId:dataTypeId:parameterValue:description from Parameter e where e.pk.parameterId like ?1 and e.pk.expired = ?2 and e.pk.companyId = ?3], line 1, column 23: unexpected token [:subsystemId].
Internal Exception: NoViableAltException(105@[()* loopback of 383:9: (d= DOT right= attribute )*])
	at org.eclipse.persistence.exceptions.JPQLException.unexpectedToken(JPQLException.java:372)
	at org.eclipse.persistence.internal.jpa.parsing.jpql.JPQLParser.handleRecognitionException(JPQLParser.java:320)
	at org.eclipse.persistence.internal.jpa.parsing.jpql.JPQLParser.addError(JPQLParser.java:246)
	at org.eclipse.persistence.internal.jpa.parsing.jpql.JPQLParser.reportError(JPQLParser.java:363)
	at org.eclipse.persistence.internal.jpa.parsing.jpql.antlr.JPQLParser.pathExprOrVariableAccess(JPQLParser.java:1436)
	at org.eclipse.persistence.internal.jpa.parsing.jpql.antlr.JPQLParser.arithmeticPrimary(JPQLParser.java:4720)
	at org.eclipse.persistence.internal.jpa.parsing.jpql.antlr.JPQLParser.arithmeticFactor(JPQLParser.java:4660)
	at org.eclipse.persistence.internal.jpa.parsing.jpql.antlr.JPQLParser.arithmeticTerm(JPQLParser.java:4546)
	at org.eclipse.persistence.internal.jpa.parsing.jpql.antlr.JPQLParser.simpleArithmeticExpression(JPQLParser.java:4462)
	at org.eclipse.persistence.internal.jpa.parsing.jpql.antlr.JPQLParser.scalarExpression(JPQLParser.java:4834)
	at org.eclipse.persistence.internal.jpa.parsing.jpql.antlr.JPQLParser.selectExpression(JPQLParser.java:1269)
	at org.eclipse.persistence.internal.jpa.parsing.jpql.antlr.JPQLParser.selectItem(JPQLParser.java:1169)
	at org.eclipse.persistence.internal.jpa.parsing.jpql.antlr.JPQLParser.selectClause(JPQLParser.java:1081)
	at org.eclipse.persistence.internal.jpa.parsing.jpql.antlr.JPQLParser.selectStatement(JPQLParser.java:359)
	at org.eclipse.persistence.internal.jpa.parsing.jpql.antlr.JPQLParser.document(JPQLParser.java:281)
	at org.eclipse.persistence.internal.jpa.parsing.jpql.JPQLParser.parse(JPQLParser.java:134)
	at org.eclipse.persistence.internal.jpa.parsing.jpql.JPQLParser.buildParseTree(JPQLParser.java:95)
	at org.eclipse.persistence.internal.jpa.EJBQueryImpl.buildEJBQLDatabaseQuery(EJBQueryImpl.java:215)
	at org.eclipse.persistence.internal.jpa.EJBQueryImpl.buildEJBQLDatabaseQuery(EJBQueryImpl.java:190)
	at org.eclipse.persistence.internal.jpa.EJBQueryImpl.<init>(EJBQueryImpl.java:142)
	at org.eclipse.persistence.internal.jpa.EJBQueryImpl.<init>(EJBQueryImpl.java:126)
	at org.eclipse.persistence.internal.jpa.EntityManagerImpl.createQuery(EntityManagerImpl.java:1475)
	... 32 more
Caused by: NoViableAltException(105@[()* loopback of 383:9: (d= DOT right= attribute )*])
	at org.eclipse.persistence.internal.libraries.antlr.runtime.DFA.noViableAlt(DFA.java:159)
	at org.eclipse.persistence.internal.libraries.antlr.runtime.DFA.predict(DFA.java:144)
	at org.eclipse.persistence.internal.jpa.parsing.jpql.antlr.JPQLParser.pathExprOrVariableAccess(JPQLParser.java:1408)
	... 49 more
